<?xml version="1.0" encoding="UTF-8"?>
<!-- Generated by org.testng.reporters.JUnitReportReporter -->
<testsuite hostname="DESKTOP-8Q2JIS1" failures="0" tests="1" name="Org.A7AutomationBatchExecution.Suzuki" time="19.822" errors="0" timestamp="2026-01-08T11:28:35 IST" skipped="0">
  <testcase classname="Org.A7AutomationBatchExecution.Suzuki" name="launchingSuzuki" time="19.822">
    <system-out>
      <![CDATA[Launched suzuki]]>
    </system-out>
  </testcase> <!-- launchingSuzuki -->
  <system-out>
    <![CDATA[Launched suzuki
Launched 42 bobber
Launched Perak
launching YezdiBikes]]>
  </system-out>
</testsuite> <!-- Org.A7AutomationBatchExecution.Suzuki -->
