<?xml version="1.0" encoding="UTF-8"?>
<!-- Generated by org.testng.reporters.JUnitReportReporter -->
<testsuite hostname="DESKTOP-8Q2JIS1" failures="0" tests="5" name="Org.A7AutomationTestNGLearning.UnderstandingPriority" time="25.244" errors="0" timestamp="2026-01-06T22:41:28 IST" skipped="0">
  <testcase classname="Org.A7AutomationTestNGLearning.UnderstandingPriority" name="LaunchingKalkiFashion" time="5.154"/>
  <testcase classname="Org.A7AutomationTestNGLearning.UnderstandingPriority" name="LaunchingPurpal" time="2.946"/>
  <testcase classname="Org.A7AutomationTestNGLearning.UnderstandingPriority" name="LaunchingPurpal" time="4.087"/>
  <testcase classname="Org.A7AutomationTestNGLearning.UnderstandingPriority" name="LaunchingPurpal" time="4.004"/>
  <testcase classname="Org.A7AutomationTestNGLearning.UnderstandingPriority" name="LaunchingFullyFilmi" time="9.053"/>
</testsuite> <!-- Org.A7AutomationTestNGLearning.UnderstandingPriority -->
