<?xml version="1.0" encoding="UTF-8"?>
<!-- Generated by org.testng.reporters.JUnitReportReporter -->
<testsuite hostname="DESKTOP-8Q2JIS1" failures="0" tests="3" name="Org.A7AutomationTestNGLearning.UsingTimeOutInTC" time="76.438" errors="0" timestamp="2026-01-07T11:23:52 IST" skipped="0">
  <testcase classname="Org.A7AutomationTestNGLearning.UsingTimeOutInTC" name="LaunchingFullyFilmi" time="40.934"/>
  <testcase classname="Org.A7AutomationTestNGLearning.UsingTimeOutInTC" name="LaunchingPurpal" time="22.002"/>
  <testcase classname="Org.A7AutomationTestNGLearning.UsingTimeOutInTC" name="LaunchingKalkiFashion" time="13.502"/>
</testsuite> <!-- Org.A7AutomationTestNGLearning.UsingTimeOutInTC -->
