<?xml version="1.0" encoding="UTF-8"?>
<!-- Generated by org.testng.reporters.JUnitReportReporter -->
<testsuite hostname="DESKTOP-8Q2JIS1" failures="0" tests="3" name="Org.A7AutomationTestNGLearning.Demo" time="0.015" errors="0" timestamp="2026-01-06T10:36:00 IST" skipped="0">
  <testcase classname="Org.A7AutomationTestNGLearning.Demo" name="method1" time="0.002">
    <system-out>
      <![CDATA[method1]]>
    </system-out>
  </testcase> <!-- method1 -->
  <testcase classname="Org.A7AutomationTestNGLearning.Demo" name="test" time="0.004"/>
  <testcase classname="Org.A7AutomationTestNGLearning.Demo" name="m1" time="0.009">
    <system-out>
      <![CDATA[m1]]>
    </system-out>
  </testcase> <!-- m1 -->
  <system-out>
    <![CDATA[m1
method1]]>
  </system-out>
</testsuite> <!-- Org.A7AutomationTestNGLearning.Demo -->
