<?xml version="1.0" encoding="UTF-8"?>
<!-- Generated by org.testng.reporters.JUnitReportReporter -->
<testsuite hostname="DESKTOP-8Q2JIS1" failures="0" tests="1" name="Org.A7AutomationBatchExecution.YezdiBikes" time="28.040" errors="0" timestamp="2026-01-08T11:28:35 IST" skipped="0">
  <testcase classname="Org.A7AutomationBatchExecution.YezdiBikes" name="launchingYezdiBikes" time="28.040">
    <system-out>
      <![CDATA[launching YezdiBikes]]>
    </system-out>
  </testcase> <!-- launchingYezdiBikes -->
  <system-out>
    <![CDATA[Launched suzuki
Launched 42 bobber
Launched Perak
launching YezdiBikes]]>
  </system-out>
</testsuite> <!-- Org.A7AutomationBatchExecution.YezdiBikes -->
