<?xml version="1.0" encoding="UTF-8"?>
<!-- Generated by org.testng.reporters.JUnitReportReporter -->
<testsuite hostname="DESKTOP-8Q2JIS1" failures="0" tests="3" name="Org.A7Automation.TestNGAnnotations.ConfigurationAnnotations" time="0.013" errors="0" timestamp="2026-01-13T11:40:09 IST" skipped="0">
  <testcase classname="Org.A7Automation.TestNGAnnotations.ConfigurationAnnotations" name="testCase1" time="0.002">
    <system-out>
      <![CDATA[This is @test method1]]>
    </system-out>
  </testcase> <!-- testCase1 -->
  <testcase classname="Org.A7Automation.TestNGAnnotations.ConfigurationAnnotations" name="testCase2" time="0.002">
    <system-out>
      <![CDATA[This is @test method 2]]>
    </system-out>
  </testcase> <!-- testCase2 -->
  <testcase classname="Org.A7Automation.TestNGAnnotations.ConfigurationAnnotations" name="TestCase3" time="0.009">
    <system-out>
      <![CDATA[This is @test method 3]]>
    </system-out>
  </testcase> <!-- TestCase3 -->
  <system-out>
    <![CDATA[This is @Before suit method
This is @test method 3
This is @test method1
This is @test method 2
This is @After Class method 
This is @After Class method 1
This is @Aftertest method 
This is @Aftertest method 1
This is @After suit method]]>
  </system-out>
</testsuite> <!-- Org.A7Automation.TestNGAnnotations.ConfigurationAnnotations -->
