<?xml version="1.0" encoding="UTF-8"?>
<!-- Generated by org.testng.reporters.JUnitReportReporter -->
<testsuite hostname="DESKTOP-8Q2JIS1" failures="0" tests="4" name="Org.A7AutomationTestNGLearning.InvocationCountOnTC" time="29.651" errors="0" timestamp="2026-01-06T22:24:18 IST" skipped="0">
  <testcase classname="Org.A7AutomationTestNGLearning.InvocationCountOnTC" name="LoginTC" time="7.224"/>
  <testcase classname="Org.A7AutomationTestNGLearning.InvocationCountOnTC" name="LoginTC" time="6.939"/>
  <testcase classname="Org.A7AutomationTestNGLearning.InvocationCountOnTC" name="LoginTC" time="7.245"/>
  <testcase classname="Org.A7AutomationTestNGLearning.InvocationCountOnTC" name="LoginTC" time="8.243"/>
</testsuite> <!-- Org.A7AutomationTestNGLearning.InvocationCountOnTC -->
