<?xml version="1.0" encoding="UTF-8"?>
<!-- Generated by org.testng.reporters.JUnitReportReporter -->
<testsuite hostname="DESKTOP-8Q2JIS1" failures="0" tests="2" name="Org.A7AutomationTestNGLearning.PriorityOnTC" time="16.209" errors="0" timestamp="2026-01-06T11:27:56 IST" skipped="0">
  <testcase classname="Org.A7AutomationTestNGLearning.PriorityOnTC" name="registor" time="8.176"/>
  <testcase classname="Org.A7AutomationTestNGLearning.PriorityOnTC" name="Login" time="8.033"/>
</testsuite> <!-- Org.A7AutomationTestNGLearning.PriorityOnTC -->
