<?xml version="1.0" encoding="UTF-8"?>
<!-- Generated by org.testng.reporters.JUnitReportReporter -->
<testsuite hostname="DESKTOP-8Q2JIS1" failures="0" tests="2" name="Org.A7AutomationBatchExecution.Jawa" time="30.819" errors="0" timestamp="2026-01-08T11:28:35 IST" skipped="0">
  <testcase classname="Org.A7AutomationBatchExecution.Jawa" name="launchingPerak" time="23.920">
    <system-out>
      <![CDATA[Launched Perak]]>
    </system-out>
  </testcase> <!-- launchingPerak -->
  <testcase classname="Org.A7AutomationBatchExecution.Jawa" name="launching42Bobber" time="6.899">
    <system-out>
      <![CDATA[Launched 42 bobber]]>
    </system-out>
  </testcase> <!-- launching42Bobber -->
  <system-out>
    <![CDATA[Launched suzuki
Launched 42 bobber
Launched Perak
launching YezdiBikes]]>
  </system-out>
</testsuite> <!-- Org.A7AutomationBatchExecution.Jawa -->
