<?xml version="1.0" encoding="UTF-8"?>
<!-- Generated by org.testng.reporters.JUnitXMLReporter -->
<testsuite ignored="0" hostname="DESKTOP-8Q2JIS1" failures="0" tests="4" name="Test1" time="20.464" errors="0" timestamp="2026-01-08T12:00:04 IST">
  <testcase classname="Org.A7AutomationPArallelExecution.Hardik" name="WikiPidia" time="5.0"/>
  <testcase classname="Org.A7AutomationPArallelExecution.Suryakumar" name="WikiPidia" time="4.714"/>
  <testcase classname="Org.A7AutomationPArallelExecution.Rohit" name="WikiPidia" time="3.014"/>
  <testcase classname="Org.A7AutomationPArallelExecution.Jadeja" name="WikiPidia" time="7.664"/>
</testsuite> <!-- Test1 -->
