<?xml version="1.0" encoding="UTF-8"?>
<!-- Generated by org.testng.reporters.JUnitXMLReporter -->
<testsuite ignored="0" hostname="DESKTOP-8Q2JIS1" failures="0" tests="4" name="Test2" time="26.907" errors="0" timestamp="2026-01-08T12:00:10 IST">
  <testcase classname="Org.A7AutomationPArallelExecution.Dhoni" name="WikiPidia" time="4.898"/>
  <testcase classname="Org.A7AutomationPArallelExecution.Virat" name="WikiPidia" time="5.797"/>
  <testcase classname="Org.A7AutomationPArallelExecution.Sachin" name="WikiPidia" time="8.626"/>
  <testcase classname="Org.A7AutomationPArallelExecution.KLRahul" name="WikiPidia" time="7.505"/>
</testsuite> <!-- Test2 -->
